torrent_client.client - INFO - 22 ************* start download *************	
torrent_client.client - INFO - 24 the file 2.torrent was decoded successfully	
torrent_client.client - INFO - 27 ************* end client *************	
torrent_client.client - INFO - 22 ************* start download *************	
torrent_client.client - INFO - 24 the file 3.torrent was decoded successfully	
torrent_client.client - INFO - 27 ************* end client *************	
torrent_client.client - INFO - 22 ************* start download *************	
torrent_client.client - INFO - 24 the file 2.torrent was decoded successfully	
torrent_client.client - INFO - 27 ************* end client *************	
torrent_client.tracker.tracker_manager - CRITICAL - 75 no tracker left	
torrent_client.client - INFO - 22 ************* start download *************	
torrent_client.client - INFO - 24 the file 2.torrent was decoded successfully	
torrent_client.client - INFO - 27 ************* end client *************	
torrent_client.client - INFO - 22 ************* start download *************	
torrent_client.client - INFO - 24 the file 3.torrent was decoded successfully	
torrent_client.client - INFO - 27 ************* end client *************	
torrent_client.client - INFO - 22 ************* start download *************	
torrent_client.client - INFO - 24 the file 3.torrent was decoded successfully	
torrent_client.client - INFO - 27 ************* end client *************	
torrent_client.client - INFO - 22 ************* start download *************	
torrent_client.client - INFO - 24 the file 3.torrent was decoded successfully	
torrent_client.client - INFO - 27 ************* end client *************	
torrent_client.client - INFO - 22 ************* start download *************	
torrent_client.client - INFO - 24 the file 3.torrent was decoded successfully	
torrent_client.client - INFO - 27 ************* end client *************	
torrent_client.client - INFO - 22 ************* start download *************	
torrent_client.client - INFO - 24 the file 3.torrent was decoded successfully	
torrent_client.client - INFO - 27 ************* end client *************	
torrent_client.client - INFO - 22 ************* start download *************	
torrent_client.client - INFO - 24 the file 3.torrent was decoded successfully	
torrent_client.client - INFO - 27 ************* end client *************	
torrent_client.client - INFO - 22 ************* start download *************	
torrent_client.client - INFO - 24 the file 3.torrent was decoded successfully	
torrent_client.client - INFO - 27 ************* end client *************	
torrent_client.client - INFO - 22 ************* start download *************	
torrent_client.client - INFO - 24 the file 3.torrent was decoded successfully	
torrent_client.client - INFO - 27 ************* end client *************	
torrent_client.client - INFO - 22 ************* start download *************	
torrent_client.client - INFO - 24 the file 3.torrent was decoded successfully	
torrent_client.client - INFO - 27 ************* end client *************	
torrent_client.client - INFO - 22 ************* start download *************	
torrent_client.client - INFO - 24 the file 3.torrent was decoded successfully	
torrent_client.client - INFO - 27 ************* end client *************	
torrent_client.client - INFO - 22 ************* start download *************	
torrent_client.client - INFO - 24 the file 2.torrent was decoded successfully	
torrent_client.tracker.tracker_manager - CRITICAL - 75 no tracker left	
torrent_client.client - INFO - 22 ************* start download *************	
torrent_client.client - INFO - 24 the file 2.torrent was decoded successfully	
torrent_client.client - INFO - 22 ************* start download *************	
torrent_client.client - INFO - 24 the file 2.torrent was decoded successfully	
torrent_client.client - INFO - 27 ************* end client *************	
torrent_client.client - INFO - 22 ************* start download *************	
torrent_client.client - INFO - 24 the file 3.torrent was decoded successfully	
torrent_client.client - INFO - 22 ************* start download *************	
torrent_client.client - INFO - 24 the file 3.torrent was decoded successfully	
torrent_client.client - INFO - 27 ************* end client *************	
torrent_client.client - INFO - 22 ************* start download *************	
torrent_client.client - INFO - 24 the file 3.torrent was decoded successfully	
torrent_client.client - INFO - 27 ************* end client *************	
torrent_client.client - INFO - 22 ************* start download *************	
torrent_client.client - INFO - 24 the file 3.torrent was decoded successfully	
torrent_client.client - INFO - 22 ************* start download *************	
torrent_client.client - INFO - 22 ************* start download *************	
torrent_client.client - INFO - 22 ************* start download *************	
torrent_client.client - INFO - 24 the file 3.torrent was decoded successfully	
torrent_client.client - INFO - 27 ************* end client *************	
torrent_client.client - INFO - 22 ************* start download *************	
torrent_client.client - INFO - 24 the file 3.torrent was decoded successfully	
torrent_client.client - INFO - 27 ************* end client *************	
torrent_client.client - INFO - 22 ************* start download *************	
torrent_client.client - INFO - 24 the file 3.torrent was decoded successfully	
torrent_client.client - INFO - 27 ************* end client *************	
torrent_client.client - INFO - 22 ************* start download *************	
torrent_client.client - INFO - 24 the file 3.torrent was decoded successfully	
torrent_client.client - INFO - 27 ************* end client *************	
torrent_client.client - INFO - 22 ************* start download *************	
torrent_client.client - INFO - 24 the file 3.torrent was decoded successfully	
torrent_client.client - INFO - 27 ************* end client *************	
torrent_client.client - INFO - 22 ************* start download *************	
torrent_client.client - INFO - 24 the file 3.torrent was decoded successfully	
torrent_client.client - INFO - 27 ************* end client *************	
torrent_client.client - INFO - 22 ************* start download *************	
torrent_client.client - INFO - 24 the file 2.torrent was decoded successfully	
torrent_client.client - INFO - 27 ************* end client *************	
torrent_client.client - INFO - 22 ************* start download *************	
torrent_client.client - INFO - 24 the file 2.torrent was decoded successfully	
torrent_client.client - INFO - 22 ************* start download *************	
torrent_client.client - INFO - 24 the file 2.torrent was decoded successfully	
torrent_client.client - INFO - 22 ************* start download *************	
torrent_client.client - INFO - 24 the file 2.torrent was decoded successfully	
torrent_client.client - INFO - 22 ************* start download *************	
torrent_client.client - INFO - 24 the file 2.torrent was decoded successfully	
torrent_client.client - INFO - 22 ************* start download *************	
torrent_client.client - INFO - 24 the file 2.torrent was decoded successfully	
torrent_client.client - INFO - 27 ************* end client *************	
torrent_client.client - INFO - 22 ************* start download *************	
torrent_client.client - INFO - 24 the file 3.torrent was decoded successfully	
torrent_client.client - INFO - 27 ************* end client *************	
torrent_client.client - INFO - 22 ************* start download *************	
torrent_client.client - INFO - 24 the file Pirates of the Caribbean The Curse of the Black Pearl (2003) [720p] [BluRay] [YTS.MX].torrent was decoded successfully	
torrent_client.client - INFO - 27 ************* end client *************	
torrent_client.client - INFO - 22 ************* start download *************	
torrent_client.client - INFO - 24 the file Pirates of the Caribbean The Curse of the Black Pearl (2003) [720p] [BluRay] [YTS.MX].torrent was decoded successfully	
torrent_client.tracker.tracker_manager - CRITICAL - 75 no tracker left	
torrent_client.client - INFO - 22 ************* start download *************	
torrent_client.client - INFO - 24 the file Pirates of the Caribbean The Curse of the Black Pearl (2003) [720p] [BluRay] [YTS.MX].torrent was decoded successfully	
torrent_client.client - INFO - 27 ************* end client *************	
torrent_client.client - INFO - 22 ************* start download *************	
torrent_client.client - INFO - 24 the file 3.torrent was decoded successfully	
torrent_client.client - INFO - 27 ************* end client *************	
torrent_client.client - INFO - 22 ************* start download *************	
torrent_client.client - INFO - 24 the file 3.torrent was decoded successfully	
torrent_client.client - INFO - 27 ************* end client *************	
torrent_client.client - INFO - 22 ************* start download *************	
torrent_client.client - INFO - 24 the file 2.torrent was decoded successfully	
torrent_client.client - INFO - 27 ************* end client *************	
torrent_client.client - INFO - 22 ************* start download *************	
torrent_client.client - INFO - 24 the file 2.torrent was decoded successfully	
torrent_client.client - INFO - 27 ************* end client *************	
torrent_client.client - INFO - 22 ************* start download *************	
torrent_client.client - INFO - 24 the file 2.torrent was decoded successfully	
torrent_client.client - INFO - 27 ************* end client *************	
torrent_client.client - INFO - 22 ************* start download *************	
torrent_client.torrent_file.decoder - ERROR - 50 the file '4.torrent' isn't in the input folder	
torrent_client.client - INFO - 22 ************* start download *************	
torrent_client.client - INFO - 24 the file 2.torrent was decoded successfully	
torrent_client.client - INFO - 27 ************* end client *************	
torrent_client.client - INFO - 22 ************* start download *************	
torrent_client.client - INFO - 24 the file 2.torrent was decoded successfully	
torrent_client.client - INFO - 27 ************* end client *************	
torrent_client.client - INFO - 22 ************* start download *************	
torrent_client.client - INFO - 24 the file 2.torrent was decoded successfully	
torrent_client.client - INFO - 27 ************* end client *************	
torrent_client.client - INFO - 22 ************* start download *************	
torrent_client.client - INFO - 24 the file 2.torrent was decoded successfully	
torrent_client.client - INFO - 27 ************* end client *************	
torrent_client.client - INFO - 22 ************* start download *************	
torrent_client.client - INFO - 24 the file 2.torrent was decoded successfully	
torrent_client.client - INFO - 27 ************* end client *************	
torrent_client.client - INFO - 22 ************* start download *************	
torrent_client.client - INFO - 24 the file 2.torrent was decoded successfully	
torrent_client.client - INFO - 27 ************* end client *************	
torrent_client.client - INFO - 22 ************* start download *************	
torrent_client.client - INFO - 24 the file 2.torrent was decoded successfully	
torrent_client.client - INFO - 27 ************* end client *************	
torrent_client.client - INFO - 22 ************* start download *************	
torrent_client.client - INFO - 24 the file 2.torrent was decoded successfully	
torrent_client.client - INFO - 22 ************* start download *************	
torrent_client.client - INFO - 24 the file 2.torrent was decoded successfully	
torrent_client.client - INFO - 27 ************* end client *************	
torrent_client.client - INFO - 22 ************* start download *************	
torrent_client.client - INFO - 24 the file 2.torrent was decoded successfully	
torrent_client.client - INFO - 27 ************* end client *************	
torrent_client.client - INFO - 22 ************* start download *************	
torrent_client.client - INFO - 24 the file 2.torrent was decoded successfully	
torrent_client.tracker.tracker_manager - CRITICAL - 75 no tracker left	
torrent_client.client - INFO - 22 ************* start download *************	
torrent_client.client - INFO - 24 the file 2.torrent was decoded successfully	
torrent_client.client - INFO - 27 ************* end client *************	
